<?xml version="1.0" encoding="UTF-8"?>
<!-- Generated by org.testng.reporters.JUnitReportReporter -->
<testsuite hostname="OROGRANDECREEK" failures="0" tests="4" name="swiggy.test.tc.Swiggy_Tests_ExtentReports" time="3.975" errors="0" timestamp="18 Feb 2022 21:22:09 GMT" skipped="0">
  <testcase classname="swiggy.test.tc.Swiggy_Tests_ExtentReports" name="browserNavigation" time="1.731"/>
  <testcase classname="swiggy.test.tc.Swiggy_Tests_ExtentReports" name="clickOnSignIn" time="2.143"/>
  <testcase classname="swiggy.test.tc.Swiggy_Tests_ExtentReports" name="typePhone" time="0.054"/>
  <testcase classname="swiggy.test.tc.Swiggy_Tests_ExtentReports" name="clickLogin" time="0.047"/>
</testsuite> <!-- swiggy.test.tc.Swiggy_Tests_ExtentReports -->
