<?xml version="1.0" encoding="UTF-8"?>
<!-- Generated by org.testng.reporters.JUnitReportReporter -->
<testsuite hostname="OROGRANDECREEK" failures="0" tests="4" name="swiggy.test.tc.Swiggy_Tests" time="9.575" errors="0" timestamp="15 Feb 2022 18:48:30 GMT" skipped="0">
  <testcase classname="swiggy.test.tc.Swiggy_Tests" name="browserNavigation" time="7.399"/>
  <testcase classname="swiggy.test.tc.Swiggy_Tests" name="clickOnSignIn" time="2.075"/>
  <testcase classname="swiggy.test.tc.Swiggy_Tests" name="typePhone" time="0.054"/>
  <testcase classname="swiggy.test.tc.Swiggy_Tests" name="clickLogin" time="0.047"/>
</testsuite> <!-- swiggy.test.tc.Swiggy_Tests -->
